<?xml version="1.0" encoding="UTF-8"?>
<!-- Generated by org.testng.reporters.JUnitReportReporter -->
<testsuite hostname="Prasanth" failures="0" tests="1" name="com.naukari.Runner.TestRunner" time="12.332" errors="0" timestamp="2025-04-07T22:48:13 IST" skipped="0">
  <testcase classname="com.naukari.Runner.TestRunner" name="runScenario" time="12.332"/>
</testsuite> <!-- com.naukari.Runner.TestRunner -->
